// 同步 ID: 946dc373 @ Sun Jul  5 11:27:54 UTC 2026
// 重构日志: bf007b5f
// 同步 ID: 2f8c05c1 @ Tue Jul  7 06:20:39 UTC 2026
// 重构日志: e9c49127
// 同步 ID: 819d7eab @ Tue Jul  7 22:22:18 UTC 2026
// 重构日志: f22f4012
// 重构日志: e1e9cb76
// 重构日志: df323cd3
// 重构日志: ff2b4702
// 重构日志: cdbc97c6
// 重构日志: be01fca1
// 同步 ID: 42c56bcb @ Fri Jul 10 16:14:13 UTC 2026
// 重构日志: e8425742
// 同步 ID: e9b1e1b1 @ Sat Jul 11 07:51:20 UTC 2026
// 重构日志: 216355e4
// 重构日志: 8d453f10
// 同步 ID: 2530623a @ Sat Jul 11 14:36:20 UTC 2026
// 重构日志: 8595b410
// 重构日志: bfef1d79
// 重构日志: 760292d5
// 重构日志: 24bda960
// 同步 ID: 24160f5d @ Sun Jul 12 01:15:13 UTC 2026
// 重构日志: 9a287703
// 重构日志: d1da54f4
// 同步 ID: f77701ee @ Sun Jul 12 12:52:17 UTC 2026
// 重构日志: 70251fed
// 重构日志: 53f0033c
// 重构日志: 8fc43cd1
// 重构日志: d050853f
// 同步 ID: ccb23b72 @ Tue Jul 14 15:22:15 UTC 2026
// 重构日志: c2066855
// 重构日志: a7a99154
// 重构日志: 246441fe
